tapstor/build/outputs/logs/manifest-merger-debug-report.txt
-- Merging decision tree log ---
manifest
ADDED from src\main\AndroidManifest.xml:2:1-146:12
	package
		ADDED from src\main\AndroidManifest.xml:3:5-35
		INJECTED from src\main\AndroidManifest.xml
		INJECTED from src\main\AndroidManifest.xml
	android:versionName
		INJECTED from src\main\AndroidManifest.xml
		INJECTED from src\main\AndroidManifest.xml
	xmlns:android
		ADDED from src\main\AndroidManifest.xml:2:11-69
	android:versionCode
		INJECTED from src\main\AndroidManifest.xml
		INJECTED from src\main\AndroidManifest.xml
supports-screens
ADDED from src\main\AndroidManifest.xml:5:5-8:41
	android:largeScreens
		ADDED from src\main\AndroidManifest.xml:5:23-51
	android:smallScreens
		ADDED from src\main\AndroidManifest.xml:7:9-36
	android:normalScreens
		ADDED from src\main\AndroidManifest.xml:6:9-37
	android:xlargeScreens
		ADDED from src\main\AndroidManifest.xml:8:9-38
uses-permission#android.permission.INTERNET
ADDED from src\main\AndroidManifest.xml:10:5-67
MERGED from [com.google.android.gms:play-services-gcm:10.0.1] AndroidManifest.xml:21:5-66
MERGED from [com.google.android.gms:play-services-iid:10.0.1] AndroidManifest.xml:21:5-66
MERGED from [com.google.android.gms:play-services-analytics:10.0.1] AndroidManifest.xml:20:5-66
MERGED from [com.google.android.gms:play-services-analytics-impl:10.0.1] AndroidManifest.xml:20:5-66
MERGED from [com.koushikdutta.ion:ion:2.1.7] AndroidManifest.xml:11:5-67
MERGED from [com.koushikdutta.async:androidasync:2.1.7] AndroidManifest.xml:11:5-67
	android:name
		ADDED from src\main\AndroidManifest.xml:10:22-64
uses-permission#android.permission.ACCESS_WIFI_STATE
ADDED from src\main\AndroidManifest.xml:11:5-76
	android:name
		ADDED from src\main\AndroidManifest.xml:11:22-73
uses-permission#android.permission.READ_EXTERNAL_STORAGE
ADDED from src\main\AndroidManifest.xml:12:5-80
	android:name
		ADDED from src\main\AndroidManifest.xml:12:22-77
uses-permission#android.permission.WRITE_EXTERNAL_STORAGE
ADDED from src\main\AndroidManifest.xml:13:5-81
	android:name
		ADDED from src\main\AndroidManifest.xml:13:22-78
uses-permission#android.permission.WAKE_LOCK
ADDED from src\main\AndroidManifest.xml:17:5-68
MERGED from [com.google.android.gms:play-services-analytics:10.0.1] AndroidManifest.xml:24:5-67
MERGED from [com.google.android.gms:play-services-analytics-impl:10.0.1] AndroidManifest.xml:24:5-67
	android:name
		ADDED from src\main\AndroidManifest.xml:17:22-65
uses-permission#android.permission.GET_ACCOUNTS
ADDED from src\main\AndroidManifest.xml:18:5-71
	android:name
		ADDED from src\main\AndroidManifest.xml:18:22-68
uses-permission#com.google.android.c2dm.permission.RECEIVE
ADDED from src\main\AndroidManifest.xml:19:5-82
MERGED from [com.google.android.gms:play-services-gcm:10.0.1] AndroidManifest.xml:20:5-81
MERGED from [com.google.android.gms:play-services-iid:10.0.1] AndroidManifest.xml:20:5-81
	android:name
		ADDED from src\main\AndroidManifest.xml:19:22-79
permission#com.iproject.tapstor.permission.C2D_MESSAGE
ADDED from src\main\AndroidManifest.xml:21:5-23:47
	android:protectionLevel
		ADDED from src\main\AndroidManifest.xml:23:9-44
	android:name
		ADDED from src\main\AndroidManifest.xml:22:9-67
uses-permission#com.iproject.tapstor.permission.C2D_MESSAGE
ADDED from src\main\AndroidManifest.xml:25:5-83
	android:name
		ADDED from src\main\AndroidManifest.xml:25:22-80
uses-permission#android.permission.ACCESS_NETWORK_STATE
ADDED from src\main\AndroidManifest.xml:30:5-79
MERGED from [com.google.android.gms:play-services-analytics:10.0.1] AndroidManifest.xml:21:5-78
MERGED from [com.google.android.gms:play-services-analytics-impl:10.0.1] AndroidManifest.xml:21:5-78
	android:name
		ADDED from src\main\AndroidManifest.xml:30:22-76
uses-permission#com.google.android.providers.gsf.permission.READ_GSERVICES
ADDED from src\main\AndroidManifest.xml:31:5-98
	android:name
		ADDED from src\main\AndroidManifest.xml:31:22-95
uses-permission#android.permission.CAMERA
ADDED from src\main\AndroidManifest.xml:36:5-65
	android:name
		ADDED from src\main\AndroidManifest.xml:36:22-62
uses-permission#android.permission.ACCESS_FINE_LOCATION
ADDED from src\main\AndroidManifest.xml:37:5-79
	android:name
		ADDED from src\main\AndroidManifest.xml:37:22-76
uses-permission#android.permission.ACCESS_COARSE_LOCATION
ADDED from src\main\AndroidManifest.xml:38:5-81
	android:name
		ADDED from src\main\AndroidManifest.xml:38:22-78
uses-feature#0x00020000
ADDED from src\main\AndroidManifest.xml:41:5-43:35
	android:glEsVersion
		ADDED from src\main\AndroidManifest.xml:42:9-41
	android:required
		ADDED from src\main\AndroidManifest.xml:43:9-32
application
ADDED from src\main\AndroidManifest.xml:46:5-144:19
MERGED from [com.android.support:design:25.1.1] AndroidManifest.xml:25:5-20
MERGED from [com.android.support:appcompat-v7:25.1.1] AndroidManifest.xml:25:5-20
MERGED from [com.android.support:animated-vector-drawable:25.1.1] AndroidManifest.xml:22:5-20
MERGED from [com.android.support:support-vector-drawable:25.1.1] AndroidManifest.xml:23:5-20
MERGED from [com.android.support:transition:25.1.1] AndroidManifest.xml:22:5-20
MERGED from [com.facebook.android:facebook-android-sdk:4.11.0] AndroidManifest.xml:28:5-20
MERGED from [com.android.support:cardview-v7:23.2.1] AndroidManifest.xml:22:5-20
MERGED from [com.android.support:customtabs:23.2.1] AndroidManifest.xml:22:5-20
MERGED from [com.google.android.gms:play-services-gcm:10.0.1] AndroidManifest.xml:23:5-19
MERGED from [com.google.android.gms:play-services-iid:10.0.1] AndroidManifest.xml:23:5-19
MERGED from [com.google.android.gms:play-services-location:10.0.1] AndroidManifest.xml:4:5-19
MERGED from [com.google.android.gms:play-services-analytics:10.0.1] AndroidManifest.xml:26:5-19
MERGED from [com.google.android.gms:play-services-tagmanager-v4-impl:10.0.1] AndroidManifest.xml:19:5-19
MERGED from [com.google.android.gms:play-services-analytics-impl:10.0.1] AndroidManifest.xml:26:5-19
MERGED from [com.google.android.gms:play-services-base:10.0.1] AndroidManifest.xml:18:5-20:19
MERGED from [com.google.android.gms:play-services-tasks:10.0.1] AndroidManifest.xml:4:5-19
MERGED from [com.google.android.gms:play-services-basement:10.0.1] AndroidManifest.xml:19:5-21:19
MERGED from [com.android.support:support-v4:25.1.1] AndroidManifest.xml:25:5-20
MERGED from [com.android.support:support-fragment:25.1.1] AndroidManifest.xml:25:5-20
MERGED from [com.android.support:support-media-compat:25.1.1] AndroidManifest.xml:25:5-20
MERGED from [com.android.support:support-core-ui:25.1.1] AndroidManifest.xml:25:5-20
MERGED from [com.android.support:support-core-utils:25.1.1] AndroidManifest.xml:25:5-20
MERGED from [com.android.support:support-compat:25.1.1] AndroidManifest.xml:25:5-20
MERGED from [com.koushikdutta.ion:ion:2.1.7] AndroidManifest.xml:13:5-14:19
MERGED from [com.koushikdutta.async:androidasync:2.1.7] AndroidManifest.xml:13:5-14:19
	android:label
		ADDED from src\main\AndroidManifest.xml:50:9-41
	android:allowBackup
		ADDED from src\main\AndroidManifest.xml:48:9-35
	android:icon
		ADDED from src\main\AndroidManifest.xml:49:9-45
	android:theme
		ADDED from src\main\AndroidManifest.xml:51:9-40
	android:name
		ADDED from src\main\AndroidManifest.xml:47:9-45
uses-library#com.google.android.maps
ADDED from src\main\AndroidManifest.xml:52:9-64
	android:name
		ADDED from src\main\AndroidManifest.xml:52:23-61
meta-data#com.facebook.sdk.ApplicationId
ADDED from src\main\AndroidManifest.xml:55:9-57:46
	android:value
		ADDED from src\main\AndroidManifest.xml:57:13-43
	android:name
		ADDED from src\main\AndroidManifest.xml:56:13-58
meta-data#com.google.android.gms.version
ADDED from src\main\AndroidManifest.xml:60:9-62:69
MERGED from [com.google.android.gms:play-services-basement:10.0.1] AndroidManifest.xml:20:9-121
	android:value
		ADDED from src\main\AndroidManifest.xml:62:13-66
	android:name
		ADDED from src\main\AndroidManifest.xml:61:13-58
meta-data#com.google.android.maps.v2.API_KEY
ADDED from src\main\AndroidManifest.xml:63:9-65:71
	android:value
		ADDED from src\main\AndroidManifest.xml:65:13-68
	android:name
		ADDED from src\main\AndroidManifest.xml:64:13-62
activity#com.iproject.tapstor.SplashTapstorActivity
ADDED from src\main\AndroidManifest.xml:67:9-79:20
	android:screenOrientation
		ADDED from src\main\AndroidManifest.xml:72:13-49
	android:label
		ADDED from src\main\AndroidManifest.xml:70:13-45
	android:launchMode
		ADDED from src\main\AndroidManifest.xml:71:13-43
	android:windowSoftInputMode
		ADDED from src\main\AndroidManifest.xml:73:13-56
	android:configChanges
		ADDED from src\main\AndroidManifest.xml:69:13-74
	android:name
		ADDED from src\main\AndroidManifest.xml:68:13-50
intent-filter#android.intent.action.MAIN+android.intent.category.LAUNCHER
ADDED from src\main\AndroidManifest.xml:74:13-78:29
action#android.intent.action.MAIN
ADDED from src\main\AndroidManifest.xml:75:17-69
	android:name
		ADDED from src\main\AndroidManifest.xml:75:25-66
category#android.intent.category.LAUNCHER
ADDED from src\main\AndroidManifest.xml:77:17-77
	android:name
		ADDED from src\main\AndroidManifest.xml:77:27-74
receiver#com.iproject.tapstor.GCMTapStorBroadcastReceiver
ADDED from src\main\AndroidManifest.xml:82:9-90:20
	android:permission
		ADDED from src\main\AndroidManifest.xml:84:13-73
	android:name
		ADDED from src\main\AndroidManifest.xml:83:13-56
intent-filter#com.google.android.c2dm.intent.RECEIVE+com.iproject.tapstor
ADDED from src\main\AndroidManifest.xml:85:13-89:29
action#com.google.android.c2dm.intent.RECEIVE
ADDED from src\main\AndroidManifest.xml:86:17-81
	android:name
		ADDED from src\main\AndroidManifest.xml:86:25-78
category#com.iproject.tapstor
ADDED from src\main\AndroidManifest.xml:88:17-65
	android:name
		ADDED from src\main\AndroidManifest.xml:88:27-62
service#com.iproject.tapstor.GCMTapStorIntentService
ADDED from src\main\AndroidManifest.xml:92:9-60
	android:name
		ADDED from src\main\AndroidManifest.xml:92:18-57
activity#com.iproject.tapstor.MainViewPagerActivity
ADDED from src\main\AndroidManifest.xml:94:9-100:59
	android:screenOrientation
		ADDED from src\main\AndroidManifest.xml:99:13-49
	android:label
		ADDED from src\main\AndroidManifest.xml:97:13-59
	android:launchMode
		ADDED from src\main\AndroidManifest.xml:98:13-44
	android:windowSoftInputMode
		ADDED from src\main\AndroidManifest.xml:100:13-56
	android:configChanges
		ADDED from src\main\AndroidManifest.xml:96:13-74
	android:name
		ADDED from src\main\AndroidManifest.xml:95:13-50
activity#com.iproject.tapstor.NotificationsActivity
ADDED from src\main\AndroidManifest.xml:101:9-106:59
	android:screenOrientation
		ADDED from src\main\AndroidManifest.xml:105:13-49
	android:label
		ADDED from src\main\AndroidManifest.xml:104:13-65
	android:windowSoftInputMode
		ADDED from src\main\AndroidManifest.xml:106:13-56
	android:configChanges
		ADDED from src\main\AndroidManifest.xml:103:13-74
	android:name
		ADDED from src\main\AndroidManifest.xml:102:13-50
activity#com.iproject.tapstor.DetailedListingActivity
ADDED from src\main\AndroidManifest.xml:107:9-112:59
	android:screenOrientation
		ADDED from src\main\AndroidManifest.xml:111:13-49
	android:label
		ADDED from src\main\AndroidManifest.xml:110:13-66
	android:windowSoftInputMode
		ADDED from src\main\AndroidManifest.xml:112:13-56
	android:configChanges
		ADDED from src\main\AndroidManifest.xml:109:13-74
	android:name
		ADDED from src\main\AndroidManifest.xml:108:13-52
activity#com.iproject.tapstor.ProductsForStoreActivity
ADDED from src\main\AndroidManifest.xml:114:9-118:59
	android:screenOrientation
		ADDED from src\main\AndroidManifest.xml:117:13-49
	android:label
		ADDED from src\main\AndroidManifest.xml:116:13-70
	android:windowSoftInputMode
		ADDED from src\main\AndroidManifest.xml:118:13-56
	android:name
		ADDED from src\main\AndroidManifest.xml:115:13-53
activity#com.iproject.tapstor.UserProfileActivity
ADDED from src\main\AndroidManifest.xml:119:9-123:59
	android:screenOrientation
		ADDED from src\main\AndroidManifest.xml:122:13-49
	android:label
		ADDED from src\main\AndroidManifest.xml:121:13-64
	android:windowSoftInputMode
		ADDED from src\main\AndroidManifest.xml:123:13-56
	android:name
		ADDED from src\main\AndroidManifest.xml:120:13-48
activity#com.iproject.tapstor.AugmentedRealityActivity
ADDED from src\main\AndroidManifest.xml:124:9-128:59
	android:screenOrientation
		ADDED from src\main\AndroidManifest.xml:127:13-50
	android:label
		ADDED from src\main\AndroidManifest.xml:126:13-54
	android:windowSoftInputMode
		ADDED from src\main\AndroidManifest.xml:128:13-56
	android:name
		ADDED from src\main\AndroidManifest.xml:125:13-53
activity#com.iproject.tapstor.MapViewActivity
ADDED from src\main\AndroidManifest.xml:129:9-133:59
	android:screenOrientation
		ADDED from src\main\AndroidManifest.xml:132:13-49
	android:label
		ADDED from src\main\AndroidManifest.xml:131:13-56
	android:windowSoftInputMode
		ADDED from src\main\AndroidManifest.xml:133:13-56
	android:name
		ADDED from src\main\AndroidManifest.xml:130:13-44
activity#com.iproject.tapstor.SendEmailActivity
ADDED from src\main\AndroidManifest.xml:134:9-138:59
	android:screenOrientation
		ADDED from src\main\AndroidManifest.xml:137:13-49
	android:label
		ADDED from src\main\AndroidManifest.xml:136:13-62
	android:windowSoftInputMode
		ADDED from src\main\AndroidManifest.xml:138:13-56
	android:name
		ADDED from src\main\AndroidManifest.xml:135:13-46
activity#com.facebook.FacebookActivity
ADDED from src\main\AndroidManifest.xml:139:9-143:75
	android:label
		ADDED from src\main\AndroidManifest.xml:142:13-45
	android:configChanges
		ADDED from src\main\AndroidManifest.xml:140:13-113
	android:theme
		ADDED from src\main\AndroidManifest.xml:143:13-72
	android:name
		ADDED from src\main\AndroidManifest.xml:139:19-63
uses-sdk
INJECTED from src\main\AndroidManifest.xml reason: use-sdk injection requested
MERGED from [com.android.support:design:25.1.1] AndroidManifest.xml:21:5-23:62
MERGED from [com.android.support:appcompat-v7:25.1.1] AndroidManifest.xml:21:5-23:78
MERGED from [com.android.support:animated-vector-drawable:25.1.1] AndroidManifest.xml:20:5-44
MERGED from [com.android.support:support-vector-drawable:25.1.1] AndroidManifest.xml:21:5-43
MERGED from [com.android.support:recyclerview-v7:25.1.1] AndroidManifest.xml:20:5-43
MERGED from [com.android.support:transition:25.1.1] AndroidManifest.xml:20:5-44
MERGED from [com.facebook.android:facebook-android-sdk:4.11.0] AndroidManifest.xml:24:5-26:41
MERGED from [com.android.support:cardview-v7:23.2.1] AndroidManifest.xml:20:5-43
MERGED from [com.android.support:customtabs:23.2.1] AndroidManifest.xml:20:5-44
MERGED from [com.google.android.gms:play-services-gcm:10.0.1] AndroidManifest.xml:17:5-42
MERGED from [com.google.android.gms:play-services-iid:10.0.1] AndroidManifest.xml:17:5-42
MERGED from [com.google.android.gms:play-services-location:10.0.1] AndroidManifest.xml:3:5-42
MERGED from [com.google.android.gms:play-services-analytics:10.0.1] AndroidManifest.xml:17:5-42
MERGED from [com.google.android.gms:play-services-tagmanager-v4-impl:10.0.1] AndroidManifest.xml:17:5-42
MERGED from [com.google.android.gms:play-services-analytics-impl:10.0.1] AndroidManifest.xml:17:5-42
MERGED from [com.google.android.gms:play-services-base:10.0.1] AndroidManifest.xml:17:5-42
MERGED from [com.google.android.gms:play-services-tasks:10.0.1] AndroidManifest.xml:3:5-42
MERGED from [com.google.android.gms:play-services-basement:10.0.1] AndroidManifest.xml:17:5-42
MERGED from [com.android.support:support-v4:25.1.1] AndroidManifest.xml:21:5-23:54
MERGED from [com.android.support:support-fragment:25.1.1] AndroidManifest.xml:21:5-23:60
MERGED from [com.android.support:support-media-compat:25.1.1] AndroidManifest.xml:21:5-23:63
MERGED from [com.android.support:support-core-ui:25.1.1] AndroidManifest.xml:21:5-23:58
MERGED from [com.android.support:support-core-utils:25.1.1] AndroidManifest.xml:21:5-23:61
MERGED from [com.android.support:support-compat:25.1.1] AndroidManifest.xml:21:5-23:58
MERGED from [com.koushikdutta.ion:ion:2.1.7] AndroidManifest.xml:7:5-9:41
MERGED from [com.koushikdutta.async:androidasync:2.1.7] AndroidManifest.xml:7:5-9:41
	tools:overrideLibrary
		ADDED from [com.android.support:design:25.1.1] AndroidManifest.xml:23:9-59
	android:targetSdkVersion
		INJECTED from src\main\AndroidManifest.xml
		INJECTED from src\main\AndroidManifest.xml
	android:minSdkVersion
		INJECTED from src\main\AndroidManifest.xml
		INJECTED from src\main\AndroidManifest.xml
activity#com.google.android.gms.common.api.GoogleApiActivity
ADDED from [com.google.android.gms:play-services-base:10.0.1] AndroidManifest.xml:19:9-172
	android:exported
		ADDED from [com.google.android.gms:play-services-base:10.0.1] AndroidManifest.xml:19:146-170
	android:theme
		ADDED from [com.google.android.gms:play-services-base:10.0.1] AndroidManifest.xml:19:86-145
	android:name
		ADDED from [com.google.android.gms:play-services-base:10.0.1] AndroidManifest.xml:19:19-85